[2016-12-08 11:14:08] START
[2016-12-08 11:15:28] CREATE sample_controller_1.py: 0
[2016-12-08 11:17:01] CREATE sample_controller_1/index.html: 0
[2016-12-08 11:18:43] EDIT sota/views/sample_controller_1/index.html: 0
[2016-12-09 08:23:02] EDIT SOTA/controllers/default.py: 1
[2016-12-09 08:26:30] EDIT SOTA/controllers/default.py: 0
[2016-12-09 08:26:42] EDIT SOTA/controllers/default.py: 0
[2016-12-09 08:26:50] EDIT SOTA/controllers/default.py: 0
[2016-12-09 08:27:41] EDIT SOTA/controllers/default.py: 0
[2016-12-09 08:28:15] EDIT SOTA/controllers/default.py: 0
[2016-12-09 08:29:07] EDIT SOTA/controllers/default.py: 1
[2016-12-09 09:47:13] EDIT SOTA/models/db.py: 0
[2016-12-09 09:48:08] EDIT SOTA/models/db.py: 0
[2016-12-09 09:50:01] EDIT SOTA/models/db.py: 0
[2016-12-09 11:04:06] EDIT SOTA/views/default/index.html: 2
[2016-12-09 11:04:36] EDIT SOTA/views/default/index.html: -1
[2016-12-09 11:04:36] EDIT SOTA/views/default/index.html: 1
[2016-12-09 11:04:43] EDIT SOTA/views/default/index.html: 0
[2016-12-09 11:06:15] EDIT SOTA/views/default/index.html: 0
[2016-12-09 11:09:19] EDIT SOTA/controllers/default.py: 0
[2016-12-09 11:09:48] EDIT SOTA/controllers/default.py: 0
[2016-12-09 11:10:05] EDIT SOTA/controllers/default.py: 0
[2016-12-09 11:10:15] EDIT SOTA/controllers/default.py: 0
[2016-12-09 11:11:53] EDIT SOTA/controllers/default.py: 1
[2016-12-09 11:14:31] EDIT SOTA/controllers/default.py: 6
[2016-12-09 11:14:34] EDIT SOTA/controllers/default.py: -1
[2016-12-09 11:15:55] EDIT SOTA/controllers/default.py: 2
[2016-12-09 11:16:01] EDIT SOTA/controllers/default.py: 0
[2016-12-09 11:16:09] EDIT SOTA/controllers/default.py: 0
[2016-12-09 11:16:15] EDIT SOTA/controllers/default.py: 0
[2016-12-09 11:16:38] EDIT SOTA/controllers/default.py: 0
[2016-12-09 11:17:01] EDIT SOTA/controllers/default.py: 1
[2016-12-09 11:17:30] EDIT SOTA/controllers/default.py: 0
[2016-12-09 11:17:38] EDIT SOTA/controllers/default.py: 0
[2016-12-09 11:18:07] EDIT SOTA/controllers/default.py: 1
[2016-12-09 11:19:09] EDIT SOTA/controllers/default.py: -1
[2016-12-09 11:19:11] EDIT SOTA/controllers/default.py: 0
[2016-12-09 11:19:16] EDIT SOTA/controllers/default.py: 0
[2016-12-09 11:19:37] EDIT SOTA/controllers/default.py: 0
[2016-12-09 11:21:28] EDIT SOTA/views/default/index.html: 2
[2016-12-09 11:22:18] EDIT SOTA/controllers/default.py: 0
[2016-12-09 11:22:24] EDIT SOTA/controllers/default.py: 0
[2016-12-09 11:23:08] EDIT SOTA/views/default/index.html: 0
[2016-12-09 11:23:57] EDIT SOTA/views/default/index.html: 0
[2016-12-09 11:25:21] EDIT SOTA/controllers/default.py: 0
[2016-12-09 11:25:48] EDIT SOTA/controllers/default.py: 0
[2016-12-09 11:25:55] EDIT SOTA/controllers/default.py: 0
[2016-12-09 11:26:25] EDIT SOTA/controllers/default.py: 0
[2016-12-09 11:26:34] EDIT SOTA/controllers/default.py: 0
[2016-12-09 11:30:26] EDIT SOTA/models/db.py: 4
[2016-12-09 11:30:56] EDIT SOTA/models/db.py: 0
[2016-12-09 11:31:07] EDIT SOTA/models/db.py: 0
[2016-12-09 11:32:30] EDIT SOTA/models/db.py: 4
[2016-12-09 11:38:13] EDIT SOTA/controllers/default.py: 4
[2016-12-09 11:39:25] EDIT SOTA/controllers/default.py: 5
[2016-12-09 11:41:55] EDIT SOTA/controllers/default.py: 0
[2016-12-09 11:42:33] EDIT SOTA/controllers/default.py: 0
[2016-12-09 11:43:18] EDIT SOTA/models/db.py: 0
[2016-12-09 11:43:22] EDIT SOTA/models/db.py: 0
[2016-12-09 11:43:42] EDIT SOTA/models/db.py: 0
[2016-12-09 11:44:07] EDIT SOTA/models/db.py: 0
[2016-12-09 11:45:18] EDIT SOTA/models/db.py: 0
[2016-12-09 11:45:28] EDIT SOTA/models/db.py: 0
[2016-12-09 11:46:20] EDIT SOTA/models/db.py: 0
[2016-12-09 11:46:40] EDIT SOTA/models/db.py: 0
[2016-12-09 11:49:06] EDIT SOTA/models/db.py: 1
[2016-12-09 11:49:28] EDIT SOTA/models/db.py: 0
[2016-12-09 11:49:35] EDIT SOTA/models/db.py: 0
[2016-12-09 11:50:57] EDIT SOTA/models/db.py: 0
[2016-12-09 11:51:11] EDIT SOTA/models/db.py: 0
[2016-12-09 11:51:17] EDIT SOTA/models/db.py: 0
[2016-12-09 11:52:49] EDIT SOTA/models/db.py: 0
[2016-12-09 11:53:35] EDIT SOTA/models/db.py: 0
[2016-12-09 11:53:40] EDIT SOTA/models/db.py: 0
[2016-12-09 11:55:51] EDIT SOTA/models/db.py: 0
[2016-12-09 11:56:26] EDIT SOTA/controllers/default.py: 0
[2016-12-09 11:56:58] EDIT SOTA/controllers/default.py: 0
[2016-12-09 11:59:09] EDIT SOTA/controllers/default.py: 1
[2016-12-09 11:59:40] EDIT SOTA/models/db.py: 0
[2016-12-09 11:59:44] EDIT SOTA/models/db.py: 0
[2016-12-09 12:07:24] EDIT SOTA/models/db.py: 0
[2016-12-09 12:09:41] EDIT SOTA/controllers/default.py: 0
[2016-12-09 12:15:17] EDIT SOTA/controllers/default.py: 0
[2016-12-09 12:15:55] CREATE default/update_form.html: 0
[2016-12-09 12:16:11] EDIT SOTA/views/default/update_form.html: 6
[2016-12-09 12:19:21] EDIT SOTA/controllers/default.py: 0
[2016-12-09 12:24:16] EDIT SOTA/controllers/default.py: 1
[2016-12-09 12:25:10] EDIT SOTA/controllers/default.py: -1
[2016-12-09 12:30:36] EDIT SOTA/views/default/index.html: 1
[2016-12-09 12:31:17] EDIT SOTA/views/default/index.html: 0
[2016-12-09 12:31:27] EDIT SOTA/views/default/index.html: 0
[2016-12-09 12:31:39] EDIT SOTA/views/default/index.html: 0
[2016-12-09 12:32:04] EDIT SOTA/views/default/index.html: 1
[2016-12-09 12:32:09] EDIT SOTA/views/default/index.html: 0
[2016-12-09 12:32:27] EDIT SOTA/views/default/index.html: 0
[2016-12-09 12:32:33] EDIT SOTA/views/default/index.html: 0
[2016-12-09 12:32:33] EDIT SOTA/views/default/index.html: 0
[2016-12-09 12:32:37] EDIT SOTA/views/default/index.html: -1
[2016-12-09 12:34:06] EDIT SOTA/views/default/index.html: -2
[2016-12-09 12:34:12] EDIT SOTA/views/default/index.html: 2
[2016-12-09 12:34:19] EDIT SOTA/views/default/index.html: -1
[2016-12-09 12:34:25] EDIT SOTA/views/default/index.html: 1
[2016-12-09 12:34:55] EDIT SOTA/views/default/index.html: 0
[2016-12-09 12:35:00] EDIT SOTA/views/default/index.html: -1
[2016-12-09 12:35:05] EDIT SOTA/views/default/index.html: 1
[2016-12-09 12:35:20] EDIT SOTA/views/default/index.html: -5
[2016-12-09 12:35:50] EDIT SOTA/views/default/index.html: 1
[2016-12-09 12:36:05] EDIT SOTA/views/default/index.html: 4
[2016-12-09 12:36:21] EDIT SOTA/views/default/index.html: 0
[2016-12-09 12:36:35] EDIT SOTA/views/default/index.html: 0
[2016-12-09 12:36:57] EDIT SOTA/views/default/index.html: 0
[2016-12-09 12:37:49] EDIT SOTA/views/layout.html: 0
[2016-12-09 12:38:53] DELETE SOTA/views/default/update_form.html: -9
[2016-12-09 12:39:29] EDIT SOTA/views/default/index.html: 1
[2016-12-09 12:39:43] EDIT SOTA/views/default/index.html: 0
[2016-12-09 12:39:49] EDIT SOTA/views/default/index.html: 0
[2016-12-09 12:39:55] EDIT SOTA/views/default/index.html: 0
[2016-12-09 12:40:21] EDIT SOTA/views/default/index.html: 0
[2016-12-09 12:41:10] EDIT SOTA/views/default/index.html: 1
[2016-12-09 12:41:24] EDIT SOTA/views/default/index.html: 1
[2016-12-09 12:43:28] EDIT SOTA/controllers/default.py: 0
[2016-12-09 12:45:00] EDIT SOTA/views/default/index.html: 0
[2016-12-09 12:45:20] EDIT SOTA/views/default/index.html: -2
[2016-12-09 12:46:45] EDIT SOTA/views/default/index.html: 1
[2016-12-09 12:46:58] EDIT SOTA/views/default/index.html: 0
[2016-12-09 12:47:06] EDIT SOTA/views/default/index.html: 0
[2016-12-09 12:47:12] EDIT SOTA/views/default/index.html: 1
[2016-12-09 12:47:15] EDIT SOTA/views/default/index.html: 0
[2016-12-09 12:48:41] EDIT SOTA/controllers/default.py: 0
[2016-12-09 12:49:03] EDIT SOTA/views/default/index.html: 0
[2016-12-09 12:49:05] EDIT SOTA/views/default/index.html: 0
[2016-12-09 12:49:42] EDIT SOTA/views/default/index.html: -3
[2016-12-09 12:49:49] EDIT SOTA/views/default/index.html: 1
[2016-12-09 12:50:15] EDIT SOTA/views/default/index.html: 0
[2016-12-09 12:56:10] EDIT SOTA/controllers/default.py: 0
[2016-12-09 12:57:33] EDIT SOTA/views/default/index.html: 0
[2016-12-09 12:57:44] EDIT SOTA/views/default/index.html: 0
[2016-12-09 12:58:03] EDIT SOTA/views/default/index.html: 2
[2016-12-09 12:58:21] EDIT SOTA/controllers/default.py: 0
[2016-12-09 12:58:33] EDIT SOTA/controllers/default.py: 0
[2016-12-09 13:04:24] EDIT SOTA/controllers/default.py: 1
[2016-12-09 13:05:44] EDIT SOTA/controllers/default.py: 0
[2016-12-09 13:05:48] EDIT SOTA/controllers/default.py: 0
[2016-12-09 13:08:30] EDIT SOTA/controllers/default.py: 0
[2016-12-09 13:08:47] EDIT SOTA/controllers/default.py: 0
[2016-12-09 13:08:57] EDIT SOTA/controllers/default.py: 0
[2016-12-09 13:24:08] EDIT SOTA/controllers/default.py: 0
[2016-12-09 13:24:31] EDIT SOTA/controllers/default.py: 0
[2016-12-09 13:25:48] EDIT SOTA/controllers/default.py: 3
[2016-12-09 13:26:19] EDIT SOTA/controllers/default.py: 0
[2016-12-09 13:26:45] EDIT SOTA/views/default/index.html: 2
[2016-12-09 13:27:06] EDIT SOTA/views/default/index.html: 2
[2016-12-09 13:28:21] EDIT SOTA/controllers/default.py: -1
[2016-12-09 13:28:33] EDIT SOTA/controllers/default.py: 0
[2016-12-09 13:29:17] EDIT SOTA/controllers/default.py: 0
[2016-12-09 13:29:50] EDIT SOTA/controllers/default.py: 0
[2016-12-09 13:30:30] EDIT SOTA/controllers/default.py: 0
[2016-12-09 13:31:53] EDIT SOTA/controllers/default.py: 1
[2016-12-09 13:32:14] EDIT SOTA/controllers/default.py: 0
[2016-12-09 13:32:37] EDIT SOTA/controllers/default.py: -1
[2016-12-09 13:32:46] EDIT SOTA/controllers/default.py: 0
[2016-12-09 13:33:25] EDIT SOTA/controllers/default.py: 0
[2016-12-09 13:33:40] EDIT SOTA/controllers/default.py: 0
[2016-12-09 13:34:57] EDIT SOTA/controllers/default.py: 0
[2016-12-09 14:21:43] EDIT SOTA/controllers/default.py: 0
[2016-12-09 14:21:55] EDIT SOTA/controllers/default.py: 0
[2016-12-09 14:22:04] EDIT SOTA/controllers/default.py: 0
[2016-12-09 14:22:09] EDIT SOTA/controllers/default.py: 0
[2016-12-09 14:22:25] EDIT SOTA/controllers/default.py: 0
[2016-12-09 14:22:38] EDIT SOTA/controllers/default.py: 0
[2016-12-09 14:39:35] EDIT SOTA/controllers/default.py: 0
[2016-12-09 14:40:17] EDIT SOTA/controllers/default.py: 0
[2016-12-09 14:40:29] EDIT SOTA/controllers/default.py: 0
[2016-12-09 14:41:23] EDIT SOTA/controllers/default.py: 0
[2016-12-09 14:42:00] EDIT SOTA/controllers/default.py: 0
[2016-12-09 14:42:14] EDIT SOTA/controllers/default.py: 0
[2016-12-09 14:42:41] EDIT SOTA/controllers/default.py: 1
[2016-12-09 14:42:59] EDIT SOTA/controllers/default.py: 0
[2016-12-09 14:43:15] EDIT SOTA/views/default/index.html: 0
[2016-12-09 14:44:01] EDIT SOTA/controllers/default.py: 1
[2016-12-09 15:27:34] EDIT SOTA/controllers/default.py: 1
[2016-12-09 15:29:07] EDIT SOTA/controllers/default.py: 0
[2016-12-09 15:29:17] EDIT SOTA/controllers/default.py: 0
[2016-12-09 15:29:31] EDIT SOTA/controllers/default.py: 0
[2016-12-09 15:30:13] EDIT SOTA/controllers/default.py: 0
[2016-12-09 15:31:07] EDIT SOTA/controllers/default.py: 0
[2016-12-09 15:31:22] EDIT SOTA/controllers/default.py: 0
[2016-12-09 15:31:54] EDIT SOTA/controllers/default.py: 0
[2016-12-09 15:32:53] EDIT SOTA/controllers/default.py: 0
[2016-12-09 15:33:55] EDIT SOTA/controllers/default.py: 0
[2016-12-09 15:34:08] EDIT SOTA/controllers/default.py: 0
[2016-12-09 15:34:16] EDIT SOTA/controllers/default.py: 0
[2016-12-09 15:34:17] EDIT SOTA/controllers/default.py: 0
[2016-12-09 16:03:22] EDIT SOTA/controllers/default.py: 0
[2016-12-09 16:04:14] EDIT SOTA/controllers/default.py: 0
[2016-12-09 16:04:22] EDIT SOTA/controllers/default.py: 0
[2016-12-09 16:10:08] EDIT SOTA/controllers/default.py: 0
[2016-12-09 16:10:22] EDIT SOTA/controllers/default.py: 0
[2016-12-09 16:10:25] EDIT SOTA/controllers/default.py: 0
[2016-12-09 16:10:35] EDIT SOTA/controllers/default.py: 0
[2016-12-09 16:10:36] EDIT SOTA/controllers/default.py: 0
[2016-12-09 16:10:53] EDIT SOTA/controllers/default.py: 0
[2016-12-09 16:14:16] EDIT SOTA/controllers/default.py: 0
[2016-12-09 16:16:42] EDIT SOTA/controllers/default.py: 3
[2016-12-09 16:17:20] EDIT SOTA/controllers/default.py: 0
[2016-12-09 16:17:23] EDIT SOTA/controllers/default.py: 0
[2016-12-09 16:17:41] EDIT SOTA/controllers/default.py: 0
[2016-12-09 16:18:16] EDIT SOTA/controllers/default.py: 0
[2016-12-09 16:18:23] EDIT SOTA/controllers/default.py: 0
[2016-12-09 16:18:29] EDIT SOTA/controllers/default.py: 0
[2016-12-09 16:18:44] EDIT SOTA/controllers/default.py: 0
[2016-12-09 16:18:45] EDIT SOTA/controllers/default.py: 0
[2016-12-09 16:18:54] EDIT SOTA/controllers/default.py: 0
[2016-12-09 16:19:12] EDIT SOTA/controllers/default.py: 0
[2016-12-09 16:19:16] EDIT SOTA/controllers/default.py: 0
[2016-12-09 16:21:30] EDIT SOTA/controllers/default.py: 0
[2016-12-09 16:23:15] EDIT SOTA/controllers/default.py: 0
[2016-12-09 16:23:21] EDIT SOTA/controllers/default.py: 0
[2016-12-09 16:24:30] EDIT SOTA/controllers/default.py: 1
[2016-12-09 16:24:32] EDIT SOTA/controllers/default.py: 0
[2016-12-09 16:24:41] EDIT SOTA/controllers/default.py: 0
[2016-12-09 16:25:51] EDIT SOTA/controllers/default.py: 0
[2016-12-09 16:35:34] EDIT SOTA/controllers/default.py: 0
[2016-12-09 16:35:52] EDIT SOTA/controllers/default.py: 0
[2016-12-09 16:36:05] EDIT SOTA/controllers/default.py: 0
[2016-12-09 16:36:59] EDIT SOTA/controllers/default.py: 2
[2016-12-09 16:37:23] EDIT SOTA/controllers/default.py: 1
[2016-12-09 16:37:30] EDIT SOTA/controllers/default.py: 0
[2016-12-09 16:37:37] EDIT SOTA/controllers/default.py: 0
[2016-12-09 16:37:47] EDIT SOTA/controllers/default.py: 0
[2016-12-09 16:37:55] EDIT SOTA/controllers/default.py: 0
[2016-12-09 16:38:12] EDIT SOTA/controllers/default.py: 0
[2016-12-09 16:38:32] EDIT SOTA/controllers/default.py: 1
[2016-12-09 16:38:53] EDIT SOTA/controllers/default.py: 0
[2016-12-09 16:39:17] EDIT SOTA/controllers/default.py: 0
[2016-12-09 16:40:30] EDIT SOTA/controllers/default.py: 1
[2016-12-09 16:40:43] EDIT SOTA/controllers/default.py: 0
[2016-12-09 16:40:57] EDIT SOTA/controllers/default.py: 0
[2016-12-09 16:41:44] EDIT SOTA/controllers/default.py: 1
[2016-12-09 16:41:44] EDIT SOTA/controllers/default.py: 0
[2016-12-09 16:42:09] EDIT SOTA/controllers/default.py: 0
[2016-12-09 16:42:50] EDIT SOTA/controllers/default.py: 0
[2016-12-09 16:45:15] EDIT SOTA/controllers/default.py: 3
[2016-12-09 16:45:20] EDIT SOTA/controllers/default.py: -1
[2016-12-09 16:45:44] EDIT SOTA/controllers/default.py: 0
[2016-12-09 16:45:58] EDIT SOTA/controllers/default.py: 0
[2016-12-09 16:46:57] EDIT SOTA/controllers/default.py: 0
[2016-12-09 16:47:16] EDIT SOTA/controllers/default.py: 1
[2016-12-09 16:47:29] EDIT SOTA/controllers/default.py: 0
[2016-12-09 16:47:43] EDIT SOTA/controllers/default.py: 0
[2016-12-09 16:47:50] EDIT SOTA/controllers/default.py: 1
[2016-12-09 16:48:32] EDIT SOTA/controllers/default.py: 1
[2016-12-09 16:48:59] EDIT SOTA/controllers/default.py: 0
[2016-12-09 16:49:57] EDIT SOTA/controllers/default.py: 0
[2016-12-09 16:50:34] EDIT SOTA/controllers/default.py: 0
[2016-12-09 16:50:34] EDIT SOTA/controllers/default.py: 0
[2016-12-09 16:51:20] EDIT SOTA/controllers/default.py: 0
[2016-12-09 16:51:26] EDIT SOTA/controllers/default.py: 0
[2016-12-09 16:52:15] EDIT SOTA/controllers/default.py: 1
[2016-12-09 16:52:18] EDIT SOTA/controllers/default.py: 0
[2016-12-09 16:52:36] EDIT SOTA/controllers/default.py: 0
[2016-12-09 16:52:50] EDIT SOTA/controllers/default.py: -1
[2016-12-09 16:56:55] EDIT SOTA/controllers/default.py: 1
[2016-12-09 16:56:58] EDIT SOTA/controllers/default.py: 0
[2016-12-09 16:59:47] EDIT SOTA/controllers/default.py: 0
[2016-12-09 16:59:56] EDIT SOTA/controllers/default.py: 0
[2016-12-09 17:01:25] EDIT SOTA/controllers/default.py: 0
[2016-12-09 17:02:14] EDIT SOTA/controllers/default.py: 0
[2016-12-09 17:02:40] EDIT SOTA/controllers/default.py: 0
[2016-12-09 17:02:48] EDIT SOTA/controllers/default.py: 0
[2016-12-09 17:03:04] EDIT SOTA/controllers/default.py: 0
[2016-12-09 17:06:31] EDIT SOTA/controllers/default.py: 1
[2016-12-09 17:07:48] EDIT SOTA/controllers/default.py: 0
[2016-12-09 17:08:26] EDIT SOTA/controllers/default.py: 0
[2016-12-09 17:14:02] EDIT SOTA/controllers/default.py: 0
[2016-12-09 17:14:08] EDIT SOTA/controllers/default.py: 0
[2016-12-09 17:14:29] EDIT SOTA/controllers/default.py: 0
[2016-12-09 17:14:53] EDIT SOTA/controllers/default.py: 0
[2016-12-09 17:23:24] EDIT SOTA/controllers/default.py: 0
[2016-12-09 17:23:29] EDIT SOTA/controllers/default.py: 1
[2016-12-09 17:23:55] EDIT SOTA/controllers/default.py: 0
[2016-12-09 17:24:11] EDIT SOTA/controllers/default.py: 0
[2016-12-09 17:25:03] EDIT SOTA/controllers/default.py: 0
[2016-12-09 17:25:19] EDIT SOTA/controllers/default.py: 0
[2016-12-09 17:25:46] EDIT SOTA/controllers/default.py: 1
[2016-12-09 17:27:39] EDIT SOTA/controllers/default.py: 0
[2016-12-09 17:28:08] EDIT SOTA/controllers/default.py: 0
[2016-12-09 17:29:24] EDIT SOTA/controllers/default.py: 0
[2016-12-09 17:30:04] EDIT SOTA/controllers/default.py: 0
[2016-12-09 17:30:53] EDIT SOTA/controllers/default.py: 0
[2016-12-09 17:31:43] EDIT SOTA/controllers/default.py: -1
[2016-12-09 17:31:50] EDIT SOTA/controllers/default.py: 0
[2016-12-09 17:32:03] EDIT SOTA/controllers/default.py: 0
[2016-12-09 17:32:15] EDIT SOTA/controllers/default.py: 1
[2016-12-09 17:32:29] EDIT SOTA/controllers/default.py: -1
[2016-12-09 17:36:18] EDIT SOTA/controllers/default.py: 1
[2016-12-09 17:36:34] EDIT SOTA/controllers/default.py: 0
[2016-12-09 17:36:58] EDIT SOTA/controllers/default.py: 1
[2016-12-09 17:37:58] EDIT SOTA/controllers/default.py: 2
[2016-12-09 17:38:27] EDIT SOTA/controllers/default.py: 0
[2016-12-09 17:41:21] EDIT SOTA/models/db.py: 2
[2016-12-09 17:41:33] EDIT SOTA/models/db.py: -2
[2016-12-09 17:42:15] EDIT SOTA/controllers/default.py: 1
[2016-12-09 17:43:07] EDIT SOTA/controllers/default.py: 1
[2016-12-09 17:43:53] EDIT SOTA/controllers/default.py: 0
[2016-12-09 17:44:32] EDIT SOTA/controllers/default.py: 1
[2016-12-09 17:44:40] EDIT SOTA/controllers/default.py: 1
[2016-12-09 17:45:42] EDIT SOTA/controllers/default.py: 0
[2016-12-09 17:46:00] EDIT SOTA/controllers/default.py: 0
[2016-12-09 17:46:02] EDIT SOTA/controllers/default.py: 0
[2016-12-09 17:46:38] EDIT SOTA/controllers/default.py: 0
[2016-12-09 17:46:42] EDIT SOTA/controllers/default.py: 0
[2016-12-09 17:46:54] EDIT SOTA/controllers/default.py: 0
[2016-12-09 17:49:18] EDIT SOTA/controllers/default.py: 1
[2016-12-09 17:49:23] EDIT SOTA/controllers/default.py: 0
[2016-12-09 17:50:54] EDIT SOTA/controllers/default.py: 0
[2016-12-09 17:51:20] EDIT SOTA/controllers/default.py: 0
[2016-12-09 17:51:37] EDIT SOTA/controllers/default.py: 1
[2016-12-09 17:51:42] EDIT SOTA/controllers/default.py: 0
[2016-12-09 17:52:55] EDIT SOTA/controllers/default.py: 1
[2016-12-09 17:54:45] EDIT SOTA/controllers/default.py: 1
[2016-12-09 17:55:14] EDIT SOTA/controllers/default.py: 0
[2016-12-09 17:56:16] EDIT SOTA/controllers/default.py: 0
[2016-12-09 17:56:34] EDIT SOTA/controllers/default.py: 0
[2016-12-09 17:56:35] EDIT SOTA/controllers/default.py: 0
[2016-12-09 17:56:36] EDIT SOTA/controllers/default.py: 0
[2016-12-09 17:56:37] EDIT SOTA/controllers/default.py: 0
[2016-12-09 17:59:04] EDIT SOTA/controllers/default.py: 0
[2016-12-09 18:11:29] EDIT SOTA/models/db.py: 0
[2016-12-12 08:09:59] EDIT SOTA/models/db.py: 0
[2016-12-12 08:10:02] EDIT SOTA/models/db.py: 0
[2016-12-12 08:10:03] EDIT SOTA/models/db.py: 0
[2016-12-12 08:10:41] EDIT SOTA/models/db.py: 0
[2016-12-12 08:14:18] EDIT SOTA/models/db.py: 0
[2016-12-12 08:15:04] EDIT SOTA/models/db.py: 0
[2016-12-12 08:15:23] EDIT SOTA/controllers/default.py: 0
[2016-12-12 08:15:48] EDIT SOTA/models/db.py: 0
[2016-12-12 08:17:24] EDIT SOTA/controllers/default.py: 3
[2016-12-12 08:18:05] EDIT SOTA/controllers/default.py: -2
[2016-12-12 08:18:48] EDIT SOTA/controllers/default.py: 0
[2016-12-12 08:18:50] EDIT SOTA/controllers/default.py: 0
[2016-12-12 08:19:00] EDIT SOTA/controllers/default.py: 0
[2016-12-12 08:19:02] EDIT SOTA/controllers/default.py: 0
[2016-12-12 08:19:41] EDIT SOTA/controllers/default.py: 0
[2016-12-12 08:20:05] EDIT SOTA/controllers/default.py: 0
[2016-12-12 08:20:15] EDIT SOTA/controllers/default.py: 0
[2016-12-12 08:20:17] EDIT SOTA/controllers/default.py: 0
[2016-12-12 08:20:34] EDIT SOTA/controllers/default.py: 0
[2016-12-12 08:20:36] EDIT SOTA/controllers/default.py: 0
[2016-12-12 08:21:29] EDIT SOTA/controllers/default.py: 0
[2016-12-12 08:22:05] EDIT SOTA/controllers/default.py: 0
[2016-12-12 08:22:26] EDIT SOTA/controllers/default.py: 0
[2016-12-12 08:23:38] EDIT SOTA/controllers/default.py: 1
[2016-12-12 08:24:23] EDIT SOTA/controllers/default.py: 0
[2016-12-12 08:24:35] EDIT SOTA/controllers/default.py: 0
